<?xml version="1.0" encoding="UTF-8"?>
<!-- Generated by org.testng.reporters.JUnitReportReporter -->
<testsuite hostname="CON0722" name="concep.selenium.performance.SendInterAction" tests="1" failures="0" timestamp="5 Apr 2019 07:05:44 GMT" time="238.930" errors="0">
  <testcase name="sendSurveyResponse" time="238.930" classname="concep.selenium.performance.SendInterAction"/>
</testsuite> <!-- concep.selenium.performance.SendInterAction -->
