<?xml version="1.0" encoding="UTF-8"?>
<!-- Generated by org.testng.reporters.JUnitReportReporter -->
<testsuite hostname="CON0722" name="concep.selenium.iaConnector.CampaignSendingLinkToCompanyEnabled" tests="1" failures="0" timestamp="15 Oct 2018 07:20:28 GMT" time="45.757" errors="0">
  <testcase name="successfullyLogActivitiesAgainstContactOnlyWhenRelatedCompanyNotSourcedInFirmCompaniesAndFeatureEnabled" time="45.757" classname="concep.selenium.iaConnector.CampaignSendingLinkToCompanyEnabled"/>
</testsuite> <!-- concep.selenium.iaConnector.CampaignSendingLinkToCompanyEnabled -->
