<?xml version="1.0" encoding="UTF-8"?>
<!-- Generated by org.testng.reporters.JUnitReportReporter -->
<testsuite hostname="CON0722" name="concep.selenium.iaConnector.CampaignCreation" tests="18" failures="0" timestamp="15 Oct 2018 14:16:57 GMT" time="957.180" errors="0">
  <testcase name="successfullyEditCampaignByPressingSaveAndContinueToRecipients" time="47.293" classname="concep.selenium.iaConnector.CampaignCreation"/>
  <testcase name="successfullySaveRegardingDropdownValueWhenNoSubjectValidationTriggered" time="105.337" classname="concep.selenium.iaConnector.CampaignCreation"/>
  <testcase name="successfullyDeleteNotMappedCampaignToRegardingFolder" time="28.038" classname="concep.selenium.iaConnector.CampaignCreation"/>
  <testcase name="successfullySaveCampaignWithDifferentRegardingDropdownOptionsSaveAndContinueButton" time="195.178" classname="concep.selenium.iaConnector.CampaignCreation"/>
  <testcase name="successfullyRetainCampaignValuesByNavigatingBackToContentFromRecipientsPage" time="28.840" classname="concep.selenium.iaConnector.CampaignCreation"/>
  <testcase name="successfullyRetainCampaignValuesByNavigatingBackToContentFromPreviewSendThroughRecipientsPage" time="31.592" classname="concep.selenium.iaConnector.CampaignCreation"/>
  <testcase name="successfullySaveCampaignWithDifferentRegardingDropdownOptionsSaveButton" time="179.130" classname="concep.selenium.iaConnector.CampaignCreation"/>
  <testcase name="successfullySelectDifferentRegardingDropdownOptions" time="55.561" classname="concep.selenium.iaConnector.CampaignCreation"/>
  <testcase name="successfullyEditCampaignByPressingSaveButton" time="44.737" classname="concep.selenium.iaConnector.CampaignCreation"/>
  <testcase name="successfullyCreateCampaignByPressingSaveAndContinueToRecipientsButton" time="30.708" classname="concep.selenium.iaConnector.CampaignCreation"/>
  <testcase name="successfullyCreateCampaignByPressingSaveButton" time="29.890" classname="concep.selenium.iaConnector.CampaignCreation"/>
  <testcase name="unsuccessfullyAccessCampaignForEditingAfterSending" time="34.436" classname="concep.selenium.iaConnector.CampaignCreation"/>
  <testcase name="successfullyAccessCampaignsPage" time="11.275" classname="concep.selenium.iaConnector.CampaignCreation"/>
  <testcase name="successfullySelectCampaignTemplate" time="12.350" classname="concep.selenium.iaConnector.CampaignCreation"/>
  <testcase name="successfullyRetainCampaignValuesByNavigatingBackToContentFromPreviewAndSendPage" time="32.484" classname="concep.selenium.iaConnector.CampaignCreation"/>
  <testcase name="successfullyAccessCampaignEditPage" time="38.378" classname="concep.selenium.iaConnector.CampaignCreation"/>
  <testcase name="successfullyDisplayRegardingDropdownOption" time="16.532" classname="concep.selenium.iaConnector.CampaignCreation"/>
  <testcase name="successfullyDeleteMappedCampaignToRegardingFolder" time="35.421" classname="concep.selenium.iaConnector.CampaignCreation"/>
</testsuite> <!-- concep.selenium.iaConnector.CampaignCreation -->
