<?xml version="1.0" encoding="UTF-8"?>
<!-- Generated by org.testng.reporters.JUnitReportReporter -->
<testsuite hostname="CON0722" name="concep.selenium.iaConnector.SurveyCreation" tests="1" failures="0" timestamp="29 Nov 2018 09:49:31 GMT" time="15.392" errors="0">
  <testcase name="userCanDeleteSurvey" time="15.392" classname="concep.selenium.iaConnector.SurveyCreation"/>
</testsuite> <!-- concep.selenium.iaConnector.SurveyCreation -->
