<?xml version="1.0" encoding="UTF-8"?>
<!-- Generated by org.testng.reporters.JUnitReportReporter -->
<testsuite hostname="CON0722" name="concep.platformAdmin.v2.LogsPage" tests="8" failures="0" timestamp="16 Oct 2018 12:45:12 GMT" time="163.478" errors="0">
  <testcase name="successfullyCheckUncheckAllLogsViewOptions" time="48.231" classname="concep.platformAdmin.v2.LogsPage"/>
  <testcase name="successfullyAccessLogsPage" time="28.643" classname="concep.platformAdmin.v2.LogsPage"/>
  <testcase name="successfullyDisplayAllViewOptionCheckboxes" time="16.518" classname="concep.platformAdmin.v2.LogsPage"/>
  <testcase name="successfullyDisplayLogsTabMainNavigationFromOtherPages" time="9.246" classname="concep.platformAdmin.v2.LogsPage"/>
  <testcase name="successfullyDisplayPageElementsRelatedToCreationOfNewView" time="27.962" classname="concep.platformAdmin.v2.LogsPage"/>
  <testcase name="successfullyDisplayAllButonsLogsPage" time="7.265" classname="concep.platformAdmin.v2.LogsPage"/>
  <testcase name="successfullyDisplayAllLogTableColumnsWhenOptionEnabled" time="18.894" classname="concep.platformAdmin.v2.LogsPage"/>
  <testcase name="successfullyDisplayLogsTableGrid" time="6.719" classname="concep.platformAdmin.v2.LogsPage"/>
</testsuite> <!-- concep.platformAdmin.v2.LogsPage -->
