<?xml version="1.0" encoding="UTF-8"?>
<!-- Generated by org.testng.reporters.JUnitReportReporter -->
<testsuite hostname="StangaOne-386" failures="0" tests="6" name="em.selenium.automation.AdminLandingPageTests" time="63.241" errors="0" timestamp="11 Mar 2020 15:56:27 GMT">
  <testcase classname="em.selenium.automation.AdminLandingPageTests" name="successfullyCheckRememberMeCheckbox" time="9.652"/>
  <testcase classname="em.selenium.automation.AdminLandingPageTests" name="successfullyLoginInAdminPanelWithCorrectCredentials" time="10.001"/>
  <testcase classname="em.selenium.automation.AdminLandingPageTests" name="successfullyDisplayErrorWhenWrongPasswordIsEntered" time="9.964"/>
  <testcase classname="em.selenium.automation.AdminLandingPageTests" name="successfullyDisplayErrorWhenWrongUsernameIsEntered" time="10.059"/>
  <testcase classname="em.selenium.automation.AdminLandingPageTests" name="successfullyDisplayMessagesThatEmailAnPasswordFieldsAreRequired" time="9.833"/>
  <testcase classname="em.selenium.automation.AdminLandingPageTests" name="successfullyAccessAdminLandingPage" time="13.732"/>
</testsuite> <!-- em.selenium.automation.AdminLandingPageTests -->
