<?xml version="1.0" encoding="UTF-8"?>
<!-- Generated by org.testng.reporters.JUnitReportReporter -->
<testsuite hostname="StangaOne-386" failures="0" tests="1" name="em.selenium.automation.LandingPageTestsPMNEWTemplates" time="9.824" errors="0" timestamp="11 Mar 2020 09:58:58 GMT">
  <testcase classname="em.selenium.automation.LandingPageTestsPMNEWTemplates" name="successfullyAccessAdminLandingPage" time="9.824"/>
</testsuite> <!-- em.selenium.automation.LandingPageTestsPMNEWTemplates -->
