<?xml version="1.0" encoding="UTF-8"?>
<!-- Generated by org.testng.reporters.JUnitReportReporter -->
<testsuite hostname="CON0722" name="concep.selenium.iaConnector.ConnectionPage" tests="1" failures="0" timestamp="22 Nov 2018 09:08:47 GMT" time="21.965" errors="0">
  <testcase name="verifyAfterConnectionOnlySendClientAdminIsDisplayed" time="21.965" classname="concep.selenium.iaConnector.ConnectionPage"/>
</testsuite> <!-- concep.selenium.iaConnector.ConnectionPage -->
